2019-10-27 16:56:34.328 [main] WARN  electricAppliance.model.electricAppliance.home.HomeElectricAppliance - Error while clone(). return null
2019-10-27 16:59:15.617 [main] WARN  electricAppliance.model.electricAppliance.home.HomeElectricAppliance - Error while clone(). return null
2019-10-27 17:00:22.936 [main] ERROR electricAppliance.model.ElectricAppliance - String name : is empty
2019-10-27 17:00:38.993 [main] WARN  electricAppliance.model.electricAppliance.home.HomeElectricAppliance - Error while clone(). return null
2019-10-27 17:08:21.324 [main] ERROR electricAppliance.model.electricAppliance.home.MultimediaSpeakers - Number of speakers might been positive
2019-10-27 17:10:15.669 [main] ERROR electricAppliance.model.electricAppliance.home.HomeElectricAppliance - int power : isn't validate
2019-10-27 17:10:23.313 [main] ERROR electricAppliance.model.electricAppliance.kitchen.Microwave - volume isn't validate
2019-10-27 17:10:23.325 [main] ERROR electricAppliance.model.electricAppliance.kitchen.Microwave - volume isn't validate
2019-10-27 17:10:23.343 [main] ERROR electricAppliance.model.electricAppliance.kitchen.Microwave - volume isn't validate
2019-10-27 17:10:24.072 [main] ERROR electricAppliance.model.electricAppliance.kitchen.Stove - number Of burners isn't validate
2019-10-27 17:10:24.083 [main] ERROR electricAppliance.model.electricAppliance.home.MultimediaSpeakers - Number of speakers might been positive
2019-10-27 17:10:24.099 [main] ERROR electricAppliance.model.Apartment - Exit from the addRooms() : List<Room> is null or size is 0
2019-10-27 17:10:24.220 [main] WARN  electricAppliance.model.Apartment - Don't found ElectricAppliance with such parameters
2019-10-27 17:10:24.245 [main] ERROR electricAppliance.model.Apartment - Exit from the addRoom() : Room  is null
2019-10-27 17:10:24.258 [main] ERROR electricAppliance.model.Apartment - List<Room> is null or size is 0
2019-10-27 17:10:24.288 [main] ERROR electricAppliance.model.Room - Not enough free sockets
2019-10-27 17:10:24.300 [main] WARN  electricAppliance.model.Room - You using all sockets in this room.
2019-10-27 17:10:24.316 [main] ERROR electricAppliance.model.Room - Not enough free sockets
2019-10-27 17:10:24.321 [main] ERROR electricAppliance.model.Room - Rooms size isn't validate
2019-10-27 17:10:24.325 [main] ERROR electricAppliance.model.Room - Not enough free sockets
2019-10-27 17:10:24.347 [main] ERROR electricAppliance.model.Room - Not enough free sockets
2019-10-27 17:10:24.533 [main] ERROR electricAppliance.model.electricAppliance.home.HomeElectricAppliance - int power : isn't validate
2019-10-27 17:13:57.793 [main] ERROR electricAppliance.model.electricAppliance.kitchen.Microwave - volume isn't validate
2019-10-27 17:17:19.436 [main] ERROR electricAppliance.model.electricAppliance.kitchen.Microwave - volume isn't validate
2019-10-27 17:17:19.484 [main] ERROR electricAppliance.model.electricAppliance.kitchen.KitchenElectricAppliance - cookingTime isn't validate
2019-10-27 17:18:55.589 [main] ERROR electricAppliance.model.electricAppliance.kitchen.Microwave - volume isn't validate
2019-10-27 17:18:55.604 [main] ERROR electricAppliance.model.electricAppliance.kitchen.KitchenElectricAppliance - cookingTime isn't validate
2019-10-27 17:18:56.323 [main] ERROR electricAppliance.model.electricAppliance.kitchen.Stove - number Of burners isn't validate
2019-10-27 17:18:56.332 [main] ERROR electricAppliance.model.electricAppliance.kitchen.Stove - number Of burners isn't validate
2019-10-27 17:18:56.350 [main] ERROR electricAppliance.model.electricAppliance.home.MultimediaSpeakers - Number of speakers might been positive
2019-10-27 17:18:56.375 [main] ERROR electricAppliance.model.Apartment - Exit from the addRooms() : List<Room> is null or size is 0
2019-10-27 17:18:56.538 [main] WARN  electricAppliance.model.Apartment - Don't found ElectricAppliance with such parameters
2019-10-27 17:18:56.559 [main] ERROR electricAppliance.model.Apartment - Exit from the addRoom() : Room  is null
2019-10-27 17:18:56.562 [main] ERROR electricAppliance.model.Apartment - List<Room> is null or size is 0
2019-10-27 17:18:56.602 [main] ERROR electricAppliance.model.Room - Not enough free sockets
2019-10-27 17:18:56.604 [main] WARN  electricAppliance.model.Room - You using all sockets in this room.
2019-10-27 17:18:56.622 [main] ERROR electricAppliance.model.Room - Not enough free sockets
2019-10-27 17:18:56.632 [main] ERROR electricAppliance.model.Room - Rooms size isn't validate
2019-10-27 17:18:56.639 [main] ERROR electricAppliance.model.Room - Not enough free sockets
2019-10-27 17:18:56.667 [main] ERROR electricAppliance.model.Room - Not enough free sockets
2019-10-27 17:18:56.767 [main] ERROR electricAppliance.model.electricAppliance.home.HomeElectricAppliance - int power : isn't validate
2019-10-27 17:28:09.275 [main] ERROR electricAppliance.model.electricAppliance.kitchen.Microwave - volume isn't validate
2019-10-27 17:28:09.297 [main] ERROR electricAppliance.model.electricAppliance.kitchen.KitchenElectricAppliance - cookingTime isn't validate
2019-10-27 17:28:10.016 [main] ERROR electricAppliance.model.electricAppliance.kitchen.Stove - number Of burners isn't validate
2019-10-27 17:28:10.026 [main] ERROR electricAppliance.model.electricAppliance.kitchen.Stove - number Of burners isn't validate
2019-10-27 17:28:10.049 [main] ERROR electricAppliance.model.electricAppliance.home.MultimediaSpeakers - Number of speakers might been positive
2019-10-27 17:28:10.098 [main] ERROR electricAppliance.model.Apartment - Exit from the addRooms() : List<Room> is null or size is 0
2019-10-27 17:28:10.309 [main] WARN  electricAppliance.model.Apartment - Don't found ElectricAppliance with such parameters
2019-10-27 17:28:10.331 [main] ERROR electricAppliance.model.Apartment - Exit from the addRoom() : Room  is null
2019-10-27 17:28:10.341 [main] ERROR electricAppliance.model.Apartment - List<Room> is null or size is 0
2019-10-27 17:28:10.377 [main] ERROR electricAppliance.model.Room - Not enough free sockets
2019-10-27 17:28:10.389 [main] WARN  electricAppliance.model.Room - You using all sockets in this room.
2019-10-27 17:28:10.403 [main] ERROR electricAppliance.model.Room - Not enough free sockets
2019-10-27 17:28:10.411 [main] ERROR electricAppliance.model.Room - Rooms size isn't validate
2019-10-27 17:28:10.415 [main] ERROR electricAppliance.model.Room - Not enough free sockets
2019-10-27 17:28:10.443 [main] ERROR electricAppliance.model.Room - Not enough free sockets
2019-10-27 17:28:10.494 [main] ERROR electricAppliance.model.electricAppliance.home.HomeElectricAppliance - int power : isn't validate
2019-10-27 17:28:46.270 [main] ERROR electricAppliance.model.electricAppliance.kitchen.Microwave - volume isn't validate
2019-10-27 17:28:46.282 [main] ERROR electricAppliance.model.electricAppliance.kitchen.KitchenElectricAppliance - cookingTime isn't validate
2019-10-27 17:28:47.031 [main] ERROR electricAppliance.model.electricAppliance.kitchen.Stove - number Of burners isn't validate
2019-10-27 17:28:47.039 [main] ERROR electricAppliance.model.electricAppliance.kitchen.Stove - number Of burners isn't validate
2019-10-27 17:28:47.050 [main] ERROR electricAppliance.model.electricAppliance.home.MultimediaSpeakers - Number of speakers might been positive
2019-10-27 17:28:47.091 [main] ERROR electricAppliance.model.Apartment - Exit from the addRooms() : List<Room> is null or size is 0
2019-10-27 17:28:47.213 [main] WARN  electricAppliance.model.Apartment - Don't found ElectricAppliance with such parameters
2019-10-27 17:28:47.221 [main] ERROR electricAppliance.model.Apartment - Exit from the addRoom() : Room  is null
2019-10-27 17:28:47.224 [main] ERROR electricAppliance.model.Apartment - List<Room> is null or size is 0
2019-10-27 17:28:47.237 [main] ERROR electricAppliance.model.Room - Not enough free sockets
2019-10-27 17:28:47.240 [main] WARN  electricAppliance.model.Room - You using all sockets in this room.
2019-10-27 17:28:47.251 [main] ERROR electricAppliance.model.Room - Not enough free sockets
2019-10-27 17:28:47.264 [main] ERROR electricAppliance.model.Room - Rooms size isn't validate
2019-10-27 17:28:47.268 [main] ERROR electricAppliance.model.Room - Not enough free sockets
2019-10-27 17:28:47.295 [main] ERROR electricAppliance.model.Room - Not enough free sockets
2019-10-27 17:28:47.348 [main] ERROR electricAppliance.model.electricAppliance.home.HomeElectricAppliance - int power : isn't validate
2019-10-27 17:41:15.155 [main] ERROR electricAppliance.model.electricAppliance.kitchen.Microwave - volume isn't validate
2019-10-27 17:41:15.161 [main] ERROR electricAppliance.model.electricAppliance.kitchen.KitchenElectricAppliance - cookingTime isn't validate
2019-10-27 17:41:16.075 [main] ERROR electricAppliance.model.electricAppliance.kitchen.Stove - number Of burners isn't validate
2019-10-27 17:41:16.077 [main] ERROR electricAppliance.model.electricAppliance.kitchen.Stove - number Of burners isn't validate
2019-10-27 17:41:16.098 [main] ERROR electricAppliance.model.electricAppliance.home.MultimediaSpeakers - Number of speakers might been positive
2019-10-27 17:41:16.129 [main] ERROR electricAppliance.model.Apartment - Exit from the addRooms() : List<Room> is null or size is 0
2019-10-27 17:41:16.272 [main] WARN  electricAppliance.model.Apartment - Don't found ElectricAppliance with such parameters
2019-10-27 17:41:16.285 [main] ERROR electricAppliance.model.Apartment - Exit from the addRoom() : Room  is null
2019-10-27 17:41:16.290 [main] ERROR electricAppliance.model.Apartment - List<Room> is null or size is 0
2019-10-27 17:41:16.320 [main] ERROR electricAppliance.model.Room - Not enough free sockets
2019-10-27 17:41:16.325 [main] WARN  electricAppliance.model.Room - You using all sockets in this room.
2019-10-27 17:41:16.348 [main] ERROR electricAppliance.model.Room - Not enough free sockets
2019-10-27 17:41:16.352 [main] ERROR electricAppliance.model.Room - Rooms size isn't validate
2019-10-27 17:41:16.355 [main] ERROR electricAppliance.model.Room - Not enough free sockets
2019-10-27 17:41:16.369 [main] ERROR electricAppliance.model.Room - Not enough free sockets
2019-10-27 17:41:16.421 [main] ERROR electricAppliance.model.electricAppliance.home.HomeElectricAppliance - int power : isn't validate
2019-10-27 17:54:31.671 [main] ERROR electricAppliance.model.electricAppliance.kitchen.Microwave - volume isn't validate
2019-10-27 17:54:31.688 [main] ERROR electricAppliance.model.electricAppliance.kitchen.KitchenElectricAppliance - cookingTime isn't validate
2019-10-27 17:54:32.590 [main] ERROR electricAppliance.model.electricAppliance.kitchen.Stove - number Of burners isn't validate
2019-10-27 17:54:32.592 [main] ERROR electricAppliance.model.electricAppliance.kitchen.Stove - number Of burners isn't validate
2019-10-27 17:54:32.601 [main] ERROR electricAppliance.model.electricAppliance.home.MultimediaSpeakers - Number of speakers might been positive
2019-10-27 17:54:32.631 [main] ERROR electricAppliance.model.Apartment - Exit from the addRooms() : List<Room> is null or size is 0
2019-10-27 17:54:32.765 [main] WARN  electricAppliance.model.Apartment - Don't found ElectricAppliance with such parameters
2019-10-27 17:54:32.784 [main] ERROR electricAppliance.model.Apartment - Exit from the addRoom() : Room  is null
2019-10-27 17:54:32.792 [main] ERROR electricAppliance.model.Apartment - List<Room> is null or size is 0
2019-10-27 17:54:32.833 [main] ERROR electricAppliance.model.Room - Not enough free sockets
2019-10-27 17:54:32.840 [main] WARN  electricAppliance.model.Room - You using all sockets in this room.
2019-10-27 17:54:32.879 [main] ERROR electricAppliance.model.Room - Not enough free sockets
2019-10-27 17:54:32.899 [main] ERROR electricAppliance.model.Room - Rooms size isn't validate
2019-10-27 17:54:32.908 [main] ERROR electricAppliance.model.Room - Not enough free sockets
2019-10-27 17:54:32.950 [main] ERROR electricAppliance.model.Room - Not enough free sockets
2019-10-27 17:54:33.033 [main] ERROR electricAppliance.model.electricAppliance.home.HomeElectricAppliance - int power : isn't validate
2019-10-27 18:02:12.231 [main] ERROR electricAppliance.model.electricAppliance.kitchen.Microwave - volume isn't validate
2019-10-27 18:02:12.247 [main] ERROR electricAppliance.model.electricAppliance.kitchen.KitchenElectricAppliance - cookingTime isn't validate
2019-10-27 18:02:12.987 [main] ERROR electricAppliance.model.electricAppliance.kitchen.Stove - number Of burners isn't validate
2019-10-27 18:02:12.990 [main] ERROR electricAppliance.model.electricAppliance.kitchen.Stove - number Of burners isn't validate
2019-10-27 18:02:13.011 [main] ERROR electricAppliance.model.electricAppliance.home.MultimediaSpeakers - Number of speakers might been positive
2019-10-27 18:02:13.062 [main] ERROR electricAppliance.model.Apartment - Exit from the addRooms() : List<Room> is null or size is 0
2019-10-27 18:02:13.235 [main] WARN  electricAppliance.model.Apartment - Don't found ElectricAppliance with such parameters
2019-10-27 18:02:13.251 [main] ERROR electricAppliance.model.Apartment - Exit from the addRoom() : Room  is null
2019-10-27 18:02:13.257 [main] ERROR electricAppliance.model.Apartment - List<Room> is null or size is 0
2019-10-27 18:02:13.283 [main] ERROR electricAppliance.model.Room - Not enough free sockets
2019-10-27 18:02:13.296 [main] WARN  electricAppliance.model.Room - You using all sockets in this room.
2019-10-27 18:02:13.305 [main] ERROR electricAppliance.model.Room - Not enough free sockets
2019-10-27 18:02:13.316 [main] ERROR electricAppliance.model.Room - Rooms size isn't validate
2019-10-27 18:02:13.319 [main] ERROR electricAppliance.model.Room - Not enough free sockets
2019-10-27 18:02:13.342 [main] ERROR electricAppliance.model.Room - Not enough free sockets
2019-10-27 18:02:13.413 [main] ERROR electricAppliance.model.electricAppliance.home.HomeElectricAppliance - int power : isn't validate
2019-10-27 18:02:13.432 [main] ERROR electricAppliance.model.electricAppliance.lighting.LightElectricAppliance - LightBulbsType is null
2019-10-27 18:02:13.434 [main] ERROR electricAppliance.model.electricAppliance.lighting.LightElectricAppliance - LightCapType is null
2019-10-27 18:05:39.768 [main] ERROR electricAppliance.model.Room - Not enough free sockets
2019-10-27 18:05:39.771 [main] WARN  electricAppliance.model.Room - You using all sockets in this room.
2019-10-27 18:05:39.781 [main] ERROR electricAppliance.model.Room - Not enough free sockets
2019-10-27 18:05:39.785 [main] ERROR electricAppliance.model.Room - Rooms size isn't validate
2019-10-27 18:05:39.789 [main] ERROR electricAppliance.model.Room - Not enough free sockets
2019-10-27 18:05:39.802 [main] ERROR electricAppliance.model.Room - Not enough free sockets
2019-10-27 18:05:39.809 [main] ERROR electricAppliance.model.electricAppliance.lighting.LightElectricAppliance - LightBulbsType is null
2019-10-27 18:05:39.812 [main] ERROR electricAppliance.model.electricAppliance.lighting.LightElectricAppliance - LightCapType is null
2019-10-27 18:05:39.857 [main] ERROR electricAppliance.model.electricAppliance.kitchen.Microwave - volume isn't validate
2019-10-27 18:05:39.868 [main] ERROR electricAppliance.model.electricAppliance.kitchen.KitchenElectricAppliance - cookingTime isn't validate
2019-10-27 18:05:39.948 [main] ERROR electricAppliance.model.electricAppliance.kitchen.Stove - number Of burners isn't validate
2019-10-27 18:05:39.955 [main] ERROR electricAppliance.model.electricAppliance.kitchen.Stove - number Of burners isn't validate
2019-10-27 18:05:39.977 [main] ERROR electricAppliance.model.electricAppliance.home.MultimediaSpeakers - Number of speakers might been positive
2019-10-27 18:05:39.993 [main] ERROR electricAppliance.model.Apartment - Exit from the addRooms() : List<Room> is null or size is 0
2019-10-27 18:05:40.143 [main] WARN  electricAppliance.model.Apartment - Don't found ElectricAppliance with such parameters
2019-10-27 18:05:40.156 [main] ERROR electricAppliance.model.Apartment - Exit from the addRoom() : Room  is null
2019-10-27 18:05:40.160 [main] ERROR electricAppliance.model.Apartment - List<Room> is null or size is 0
2019-10-27 18:05:40.246 [main] ERROR electricAppliance.model.electricAppliance.home.HomeElectricAppliance - int power : isn't validate
2019-10-27 18:07:10.895 [main] ERROR electricAppliance.model.Room - Not enough free sockets
2019-10-27 18:07:10.899 [main] WARN  electricAppliance.model.Room - You using all sockets in this room.
2019-10-27 18:07:10.908 [main] ERROR electricAppliance.model.Room - Not enough free sockets
2019-10-27 18:07:10.913 [main] ERROR electricAppliance.model.Room - Rooms size isn't validate
2019-10-27 18:07:10.917 [main] ERROR electricAppliance.model.Room - Not enough free sockets
2019-10-27 18:07:10.936 [main] ERROR electricAppliance.model.Room - Not enough free sockets
2019-10-27 18:07:10.951 [main] ERROR electricAppliance.model.electricAppliance.lighting.LightElectricAppliance - LightBulbsType is null
2019-10-27 18:07:10.955 [main] ERROR electricAppliance.model.electricAppliance.lighting.LightElectricAppliance - LightCapType is null
2019-10-27 18:07:11.016 [main] ERROR electricAppliance.model.electricAppliance.kitchen.Microwave - volume isn't validate
2019-10-27 18:07:11.025 [main] ERROR electricAppliance.model.electricAppliance.kitchen.KitchenElectricAppliance - cookingTime isn't validate
2019-10-27 18:07:11.094 [main] ERROR electricAppliance.model.electricAppliance.kitchen.Stove - number Of burners isn't validate
2019-10-27 18:07:11.101 [main] ERROR electricAppliance.model.electricAppliance.kitchen.Stove - number Of burners isn't validate
2019-10-27 18:07:11.114 [main] ERROR electricAppliance.model.electricAppliance.home.MultimediaSpeakers - Number of speakers might been positive
2019-10-27 18:07:11.128 [main] ERROR electricAppliance.model.Apartment - Exit from the addRooms() : List<Room> is null or size is 0
2019-10-27 18:07:11.268 [main] WARN  electricAppliance.model.Apartment - Don't found ElectricAppliance with such parameters
2019-10-27 18:07:11.278 [main] ERROR electricAppliance.model.Apartment - Exit from the addRoom() : Room  is null
2019-10-27 18:07:11.283 [main] ERROR electricAppliance.model.Apartment - List<Room> is null or size is 0
2019-10-27 18:07:11.296 [main] ERROR electricAppliance.model.electricAppliance.lighting.TableLamp - Height must be positive
2019-10-27 18:07:11.341 [main] ERROR electricAppliance.model.electricAppliance.home.HomeElectricAppliance - int power : isn't validate
